<?xml version="1.0" encoding="UTF-8"?>
<testsuites name="Mocha Tests" time="7.124" tests="3" failures="0">
  <testsuite name="Root Suite" timestamp="2025-08-15T01:29:59" tests="0" file="cypress\e2e\links_externos.cy.js" time="0.000" failures="0">
  </testsuite>
  <testsuite name="Links externos" timestamp="2025-08-15T01:29:59" tests="3" time="7.121" failures="0">
    <testcase name="Links externos Link do GitHub está correto e acessível" time="4.913" classname="Link do GitHub está correto e acessível">
    </testcase>
    <testcase name="Links externos Link do LinkedIn existe e está correto" time="0.103" classname="Link do LinkedIn existe e está correto">
    </testcase>
    <testcase name="Links externos Whatsapp não faz nada" time="1.160" classname="Whatsapp não faz nada">
    </testcase>
  </testsuite>
</testsuites>